<?xml version="1.0" encoding="UTF-8"?>
<!-- Generated by org.testng.reporters.JUnitXMLReporter -->
<testsuite hostname="WIN-HQ5D7S9H79R" ignored="0" name="Set3 test" tests="3" failures="0" timestamp="16 ноя 2017 22:16:26 GMT" time="228.07" errors="0">
  <testcase name="testLogin" time="31.991" classname="testscripts.Login"/>
  <testcase name="testAddContact" time="97.037" classname="testscripts.AddContact"/>
  <testcase name="testDeleteContact" time="66.682" classname="testscripts.DeleteContact"/>
</testsuite> <!-- Set3 test -->
