<?xml version="1.0" encoding="UTF-8"?>
<testng-results skipped="0" failed="1" ignored="0" total="1" passed="0">
  <reporter-output>
  </reporter-output>
  <suite name="Default suite" duration-ms="7590" started-at="2017-12-02T13:18:27Z" finished-at="2017-12-02T13:18:35Z">
    <groups>
    </groups>
    <test name="Default test" duration-ms="7590" started-at="2017-12-02T13:18:27Z" finished-at="2017-12-02T13:18:35Z">
      <class name="testscripts.LoginMozilla">
        <test-method status="PASS" signature="suiteUp()[pri:0, instance:testscripts.LoginMozilla@4b9e13df]" name="suiteUp" is-config="true" duration-ms="22" started-at="2017-12-02T15:18:27Z" finished-at="2017-12-02T15:18:27Z">
          <reporter-output>
          </reporter-output>
        </test-method> <!-- suiteUp -->
        <test-method status="PASS" signature="testUp()[pri:0, instance:testscripts.LoginMozilla@4b9e13df]" name="testUp" is-config="true" duration-ms="5081" started-at="2017-12-02T15:18:27Z" finished-at="2017-12-02T15:18:32Z">
          <reporter-output>
          </reporter-output>
        </test-method> <!-- testUp -->
        <test-method status="PASS" signature="classUp()[pri:0, instance:testscripts.LoginMozilla@4b9e13df]" name="classUp" is-config="true" duration-ms="2" started-at="2017-12-02T15:18:32Z" finished-at="2017-12-02T15:18:32Z">
          <reporter-output>
          </reporter-output>
        </test-method> <!-- classUp -->
        <test-method status="FAIL" signature="testLogin(testscripts.TestLoginParameter)[pri:0, instance:testscripts.LoginMozilla@4b9e13df]" name="testLogin" duration-ms="36" started-at="2017-12-02T15:18:32Z" data-provider="myData" finished-at="2017-12-02T15:18:32Z">
          <exception class="org.testng.internal.reflect.MethodMatcherException">
            <message>
              <![CDATA[
Data provider mismatch
Method: testLogin([Parameter{index=0, type=testscripts.TestLoginParameter, declaredAnnotations=[]}])
Arguments: [(java.lang.String) 1,(java.lang.String) 1,(java.lang.String) NARYBALKE0@GMAIL.COM]]]>
            </message>
            <full-stacktrace>
              <![CDATA[org.testng.internal.reflect.MethodMatcherException: 
Data provider mismatch
Method: testLogin([Parameter{index=0, type=testscripts.TestLoginParameter, declaredAnnotations=[]}])
Arguments: [(java.lang.String) 1,(java.lang.String) 1,(java.lang.String) NARYBALKE0@GMAIL.COM]
	at org.testng.internal.reflect.DataProviderMethodMatcher.getConformingArguments(DataProviderMethodMatcher.java:45)
	at org.testng.internal.Invoker.injectParameters(Invoker.java:1301)
	at org.testng.internal.Invoker.invokeTestMethods(Invoker.java:1195)
	at org.testng.internal.TestMethodWorker.invokeTestMethods(TestMethodWorker.java:125)
	at org.testng.internal.TestMethodWorker.run(TestMethodWorker.java:109)
	at org.testng.TestRunner.privateRun(TestRunner.java:776)
	at org.testng.TestRunner.run(TestRunner.java:634)
	at org.testng.SuiteRunner.runTest(SuiteRunner.java:425)
	at org.testng.SuiteRunner.runSequentially(SuiteRunner.java:420)
	at org.testng.SuiteRunner.privateRun(SuiteRunner.java:385)
	at org.testng.SuiteRunner.run(SuiteRunner.java:334)
	at org.testng.SuiteRunnerWorker.runSuite(SuiteRunnerWorker.java:52)
	at org.testng.SuiteRunnerWorker.run(SuiteRunnerWorker.java:86)
	at org.testng.TestNG.runSuitesSequentially(TestNG.java:1318)
	at org.testng.TestNG.runSuitesLocally(TestNG.java:1243)
	at org.testng.TestNG.runSuites(TestNG.java:1161)
	at org.testng.TestNG.run(TestNG.java:1129)
	at org.testng.remote.AbstractRemoteTestNG.run(AbstractRemoteTestNG.java:114)
	at org.testng.remote.RemoteTestNG.initAndRun(RemoteTestNG.java:251)
	at org.testng.remote.RemoteTestNG.main(RemoteTestNG.java:77)
]]>
            </full-stacktrace>
          </exception> <!-- org.testng.internal.reflect.MethodMatcherException -->
          <reporter-output>
          </reporter-output>
        </test-method> <!-- testLogin -->
        <test-method status="PASS" signature="classDown()[pri:0, instance:testscripts.LoginMozilla@4b9e13df]" name="classDown" is-config="true" duration-ms="0" started-at="2017-12-02T15:18:32Z" finished-at="2017-12-02T15:18:32Z">
          <reporter-output>
          </reporter-output>
        </test-method> <!-- classDown -->
        <test-method status="PASS" signature="testDown()[pri:0, instance:testscripts.LoginMozilla@4b9e13df]" name="testDown" is-config="true" duration-ms="2435" started-at="2017-12-02T15:18:32Z" finished-at="2017-12-02T15:18:35Z">
          <reporter-output>
          </reporter-output>
        </test-method> <!-- testDown -->
        <test-method status="PASS" signature="suiteDown()[pri:0, instance:testscripts.LoginMozilla@4b9e13df]" name="suiteDown" is-config="true" duration-ms="1" started-at="2017-12-02T15:18:35Z" finished-at="2017-12-02T15:18:35Z">
          <reporter-output>
          </reporter-output>
        </test-method> <!-- suiteDown -->
      </class> <!-- testscripts.LoginMozilla -->
    </test> <!-- Default test -->
  </suite> <!-- Default suite -->
</testng-results>
